<?xml version="1.0" encoding="UTF-8"?>
<testsuite name="de.phonebook.tests.HomePageTests" tests="1" skipped="0" failures="0" errors="0" timestamp="2026-02-01T19:42:03.303Z" hostname="845c16da-51c7-41d4-8adf-b40adcbee6ee.fritz.box" time="0.017">
  <properties/>
  <testcase name="isHomeComponentPresentTest" classname="de.phonebook.tests.HomePageTests" time="0.004"/>
  <system-out><![CDATA[20:42:03.308 [Test worker] INFO  de.phonebook.core.TestBase -- Start test isHomeComponentPresentTest with data: []
20:42:03.321 [Test worker] INFO  de.phonebook.core.TestBase -- PASSED: isHomeComponentPresentTest
20:42:03.321 [Test worker] INFO  de.phonebook.core.TestBase -- Stop test
20:42:03.321 [Test worker] INFO  de.phonebook.core.TestBase -- **********************************************************
]]></system-out>
  <system-err><![CDATA[]]></system-err>
</testsuite>
